Start testing: Mar 15 15:02 IST
----------------------------------------------------------
1/5 Testing: Test_1
1/5 Test: Test_1
Command: "/home/archit/RooUnfoldGSOC/build/tester"
Directory: /home/archit/RooUnfoldGSOC/build
"Test_1" start time: Mar 15 15:02 IST
Output:
----------------------------------------------------------
reco bins

8464, 70243, 10853, 2224, 

prediciton

8464, 70243, 10853, 1389, 

<end of output>
Test time =   1.63 sec
----------------------------------------------------------
Test Passed.
"Test_1" end time: Mar 15 15:02 IST
"Test_1" time elapsed: 00:00:01
----------------------------------------------------------

2/5 Testing: Test_2
2/5 Test: Test_2
Command: "/home/archit/RooUnfoldGSOC/build/tester"
Directory: /home/archit/RooUnfoldGSOC/build
"Test_2" start time: Mar 15 15:02 IST
Output:
----------------------------------------------------------
reco bins

8464, 70243, 10853, 2224, 

prediciton

8464, 70243, 10853, 1389, 

<end of output>
Test time =   0.74 sec
----------------------------------------------------------
Test Passed.
"Test_2" end time: Mar 15 15:02 IST
"Test_2" time elapsed: 00:00:00
----------------------------------------------------------

3/5 Testing: Test_3
3/5 Test: Test_3
Command: "/home/archit/RooUnfoldGSOC/build/tester"
Directory: /home/archit/RooUnfoldGSOC/build
"Test_3" start time: Mar 15 15:02 IST
Output:
----------------------------------------------------------
reco bins

8464, 70243, 10853, 2224, 

prediciton

8464, 70243, 10853, 1389, 

<end of output>
Test time =   0.76 sec
----------------------------------------------------------
Test Passed.
"Test_3" end time: Mar 15 15:02 IST
"Test_3" time elapsed: 00:00:00
----------------------------------------------------------

4/5 Testing: Test_4
4/5 Test: Test_4
Command: "/home/archit/RooUnfoldGSOC/build/tester"
Directory: /home/archit/RooUnfoldGSOC/build
"Test_4" start time: Mar 15 15:02 IST
Output:
----------------------------------------------------------
reco bins

8464, 70243, 10853, 2224, 

prediciton

8464, 70243, 10853, 1389, 

<end of output>
Test time =   0.72 sec
----------------------------------------------------------
Test Passed.
"Test_4" end time: Mar 15 15:02 IST
"Test_4" time elapsed: 00:00:00
----------------------------------------------------------

5/5 Testing: Test_5
5/5 Test: Test_5
Command: "/home/archit/RooUnfoldGSOC/build/tester"
Directory: /home/archit/RooUnfoldGSOC/build
"Test_5" start time: Mar 15 15:02 IST
Output:
----------------------------------------------------------
reco bins

8464, 70243, 10853, 2224, 

prediciton

8464, 70243, 10853, 1389, 

<end of output>
Test time =   0.73 sec
----------------------------------------------------------
Test Passed.
"Test_5" end time: Mar 15 15:02 IST
"Test_5" time elapsed: 00:00:00
----------------------------------------------------------

End testing: Mar 15 15:02 IST
